{"numTotalTestSuites":2,"numPassedTestSuites":2,"numFailedTestSuites":0,"numPendingTestSuites":0,"numTotalTests":2,"numPassedTests":0,"numFailedTests":0,"numPendingTests":0,"numTodoTests":0,"snapshot":{"added":0,"failure":false,"filesAdded":0,"filesRemoved":0,"filesRemovedList":[],"filesUnmatched":0,"filesUpdated":0,"matched":0,"total":0,"unchecked":0,"uncheckedKeysByFile":[],"unmatched":0,"updated":0,"didUpdate":false},"startTime":1787505535439,"success":true,"testResults":[{"assertionResults":[{"ancestorTitles":["Bug 2 exploration: forced tab auto-switch on OAuth reason mismatch"],"fullName":"Bug 2 exploration: forced tab auto-switch on OAuth reason mismatch BUG: navigating from Sign In to /auth/login?tab=signup&reason=no-account flips activeTab to signup without any click","status":"pending","title":"BUG: navigating from Sign In to /auth/login?tab=signup&reason=no-account flips activeTab to signup without any click","failureMessages":[],"meta":{}},{"ancestorTitles":["Bug 2 exploration: forced tab auto-switch on OAuth reason mismatch"],"fullName":"Bug 2 exploration: forced tab auto-switch on OAuth reason mismatch BUG: navigating from Sign Up to /auth/login?tab=login&reason=signin flips activeTab to login without any click","status":"pending","title":"BUG: navigating from Sign Up to /auth/login?tab=login&reason=signin flips activeTab to login without any click","failureMessages":[],"meta":{}}],"startTime":1787505535439,"endTime":1787505535439,"status":"passed","message":"","name":"C:/Users/BIT/Downloads/hostelhub combine/files/app/auth/login/page.bug2-exploration.test.tsx"}]}